<?xml version="1.0" encoding="UTF-8"?>
<!-- Generated by org.testng.reporters.JUnitReportReporter -->
<testsuite hostname="DESKTOP-FMTRJKM" failures="0" tests="3" name="com.crm.orgtest.runmultipleorg_test" time="62.473" errors="0" timestamp="2024-05-21T17:48:48 IST" skipped="0">
  <testcase classname="com.crm.orgtest.runmultipleorg_test" name="createorgwithphone_test" time="18.892"/>
  <testcase classname="com.crm.orgtest.runmultipleorg_test" name="createorgwithindus_test" time="23.682"/>
  <testcase classname="com.crm.orgtest.runmultipleorg_test" name="createorgtest" time="19.899"/>
</testsuite> <!-- com.crm.orgtest.runmultipleorg_test -->
