<?xml version="1.0" encoding="UTF-8"?>
<!-- Generated by org.testng.reporters.JUnitReportReporter -->
<testsuite hostname="DESKTOP-FMTRJKM" failures="0" tests="3" name="com.crm.contacttest.runmultiple_contacttest" time="104.343" errors="0" timestamp="2024-05-21T17:48:48 IST" skipped="0">
  <testcase classname="com.crm.contacttest.runmultiple_contacttest" name="createcontactwithorg_test" time="46.962"/>
  <testcase classname="com.crm.contacttest.runmultiple_contacttest" name="createcontact_withdatetest" time="30.141"/>
  <testcase classname="com.crm.contacttest.runmultiple_contacttest" name="createcontact_test" time="27.240"/>
</testsuite> <!-- com.crm.contacttest.runmultiple_contacttest -->
