<?xml version="1.0" encoding="UTF-8"?>
<!-- Generated by org.testng.reporters.JUnitReportReporter -->
<testsuite hostname="DESKTOP-FMTRJKM" failures="0" tests="3" name="com.crm.contacttest.runmultiple_contacttest" time="91.863" errors="0" timestamp="2024-05-20T16:24:52 IST" skipped="0">
  <testcase classname="com.crm.contacttest.runmultiple_contacttest" name="createcontact_withdatetest" time="27.166"/>
  <testcase classname="com.crm.contacttest.runmultiple_contacttest" name="createcontactwithorg_test" time="38.821"/>
  <testcase classname="com.crm.contacttest.runmultiple_contacttest" name="createcontact_test" time="25.876"/>
</testsuite> <!-- com.crm.contacttest.runmultiple_contacttest -->
