<?xml version="1.0" encoding="UTF-8"?>
<!-- Generated by org.testng.reporters.JUnitReportReporter -->
<testsuite hostname="DESKTOP-FMTRJKM" failures="0" tests="1" name="com.crm.orgtest.createorgTest" time="22.404" errors="0" timestamp="2024-05-20T16:22:48 IST" skipped="0">
  <testcase classname="com.crm.orgtest.createorgTest" name="createorgtest" time="22.404"/>
</testsuite> <!-- com.crm.orgtest.createorgTest -->
