<?xml version="1.0" encoding="UTF-8"?>
<!-- Generated by org.testng.reporters.JUnitReportReporter -->
<testsuite hostname="DESKTOP-FMTRJKM" failures="0" tests="3" name="com.crm.orgtest.runmultipleorg_test" time="61.872" errors="0" timestamp="2024-05-20T17:27:43 IST" skipped="0">
  <testcase classname="com.crm.orgtest.runmultipleorg_test" name="createorgwithphone_test" time="17.839"/>
  <testcase classname="com.crm.orgtest.runmultipleorg_test" name="createorgtest" time="21.737"/>
  <testcase classname="com.crm.orgtest.runmultipleorg_test" name="createorgwithindus_test" time="22.296"/>
</testsuite> <!-- com.crm.orgtest.runmultipleorg_test -->
